     1                                  bits 32 ; assembling for the 32 bits architecture
     2                                  
     3                                  ; declare the EntryPoint (a label defining the very first instruction of the program)
     4                                  global start        
     5                                  
     6                                  ; declare external functions needed by our program
     7                                  extern exit, printf, scanf             ; tell nasm that exit exists even if we won't be defining it
     8                                  import exit msvcrt.dll    ; exit is a function that ends the calling process. It is defined in msvcrt.dll
     9                                  import scanf msvcrt.dll
    10                                  import printf msvcrt.dll
    11                                  
    12                                  ; our data is declared here (the variables needed by our program)
    13                                  segment data use32 class=data
    14 00000000 <res 00000020>              result resd 8
    15 00000020 00000000                    a dd 0
    16 00000024 00000000                    b dd 0
    17 00000028 256400                      dformat db "%d", 0
    18 0000002B 613D00                      message_a db "a=", 0
    19 0000002E 623D00                      message_b db "b=", 0
    20                                  
    21                                  ; our code starts here
    22                                  segment code use32 class=code
    23                                      start:
    24                                          ;Read two numbers a and b (in base 10) from the keyboard and calculate a/b. This value will be stored in a variable called "result" (defined in the data segment). The values are considered in signed represen
    25 00000000 68[2B000000]                    push dword message_a
    26 00000005 FF15[00000000]                  call [printf]
    27 0000000B 83C404                          add esp, 4*1
    28                                          
    29 0000000E 68[20000000]                    push dword a
    30 00000013 68[28000000]                    push dword dformat
    31 00000018 FF15[00000000]                  call [scanf]
    32 0000001E 83C408                          add esp, 4*2
    33                                          
    34 00000021 68[2E000000]                    push dword message_b
    35 00000026 FF15[00000000]                  call [printf]
    36 0000002C 83C404                          add esp, 4*1
    37                                          
    38 0000002F 68[24000000]                    push dword b
    39 00000034 68[28000000]                    push dword dformat
    40 00000039 FF15[00000000]                  call [scanf]
    41 0000003F 83C408                          add esp, 4*2
    42                                          
    43 00000042 31C0                            xor eax, eax
    44 00000044 31DB                            xor ebx, ebx
    45 00000046 A1[20000000]                    mov eax, [a]
    46 0000004B 99                              cdq
    47 0000004C 8B1D[24000000]                  mov ebx, [b]
    48 00000052 F7FB                            idiv ebx
    49 00000054 A3[00000000]                    mov [result], eax
    50                                          ; exit(0)
    51 00000059 6A00                            push    dword 0      ; push the parameter for exit onto the stack
    52 0000005B FF15[00000000]                  call    [exit]       ; call exit to terminate the program
