     1                                  bits 32 ; assembling for the 32 bits architecture
     2                                  
     3                                  ; declare the EntryPoint (a label defining the very first instruction of the program)
     4                                  global start        
     5                                  
     6                                  ; declare external functions needed by our program
     7                                  extern exit, scanf, printf               ; tell nasm that exit exists even if we won't be defining it
     8                                  import exit msvcrt.dll    ; exit is a function that ends the calling process. It is defined in msvcrt.dll
     9                                  import printf msvcrt.dll
    10                                  import scanf msvcrt.dll
    11                                  
    12                                  ; our data is declared here (the variables needed by our program)
    13                                  segment data use32 class=data
    14 00000000 00000000                    a dd 0
    15 00000004 257800                      xformat db "%x", 0
    16 00000007 256400                      dformat db "%d", 0
    17 0000000A 613D00                      message db "a=", 0
    18                                  
    19                                  ; our code starts here
    20                                  segment code use32 class=code
    21                                      start:
    22                                          ;Read a number in base 16 from the keyboard and display the value of that number in base 10 Example: Read: 1D; display: 29
    23 00000000 68[0A000000]                    push dword message
    24 00000005 FF15[00000000]                  call [printf]
    25 0000000B 83C404                          add esp, 4
    26                                          
    27 0000000E 68[00000000]                    push dword a
    28 00000013 68[04000000]                    push dword xformat
    29 00000018 FF15[00000000]                  call [scanf]
    30 0000001E 83C408                          add esp, 4*2
    31                                          
    32 00000021 FF35[00000000]                  push dword [a]
    33 00000027 68[07000000]                    push dword dformat
    34 0000002C FF15[00000000]                  call [printf]
    35 00000032 83C408                          add esp, 4*2
    36                                          ; exit(0)
    37 00000035 6A00                            push    dword 0      ; push the parameter for exit onto the stack
    38 00000037 FF15[00000000]                  call    [exit]       ; call exit to terminate the program
