     1                                  bits 32 ; assembling for the 32 bits architecture
     2                                  
     3                                  ; declare the EntryPoint (a label defining the very first instruction of the program)
     4                                  global start        
     5                                  
     6                                  ; declare external functions needed by our program
     7                                  extern exit               ; tell nasm that exit exists even if we won't be defining it
     8                                  import exit msvcrt.dll    ; exit is a function that ends the calling process. It is defined in msvcrt.dll
     9                                                            ; msvcrt.dll contains exit, printf and all the other important C-runtime specific functions
    10                                  
    11                                  ; our data is declared here (the variables needed by our program)
    12                                  segment data use32 class=data
    13 00000000 BD00                        a dw 0BDh;
    14 00000002 6300                        b dw 99;
    15 00000004 1400                        c dw 20;
    16 00000006 8B00                        d dw 8Bh;
    17                                  
    18                                  ; our code starts here
    19                                  segment code use32 class=code
    20                                      start:
    21 00000000 66A1[00000000]                  mov ax, [a];
    22 00000006 668B1D[02000000]                mov bx, [b];
    23 0000000D 668B0D[04000000]                mov cx, [c];
    24 00000014 668B15[06000000]                mov dx, [d];
    25 0000001B 6601D8                          add ax, bx;
    26 0000001E 6629C8                          sub ax, cx;
    27 00000021 6629D0                          sub ax, dx;
    28                                      
    29                                          ; exit(0)
    30 00000024 6A00                            push    dword 0      ; push the parameter for exit onto the stack
    31 00000026 FF15[00000000]                  call    [exit]       ; call exit to terminate the program
