     1                                  bits 32 ; assembling for the 32 bits architecture
     2                                  
     3                                  ; declare the EntryPoint (a label defining the very first instruction of the program)
     4                                  global start        
     5                                  
     6                                  ; declare external functions needed by our program
     7                                  extern exit               ; tell nasm that exit exists even if we won't be defining it
     8                                  import exit msvcrt.dll    ; exit is a function that ends the calling process. It is defined in msvcrt.dll
     9                                                            ; msvcrt.dll contains exit, printf and all the other important C-runtime specific functions
    10                                  
    11                                  ; our data is declared here (the variables needed by our program)
    12                                  segment data use32 class=data
    13 00000000 02                          a db 2;
    14 00000001 03                          b db 3;
    15 00000002 09                          c db 9;
    16 00000003 0B                          d db 11;
    17                                  
    18                                  ; our code starts here
    19                                  segment code use32 class=code
    20                                      start:
    21 00000000 A0[00000000]                    mov al, [a];
    22 00000005 8A0D[02000000]                  mov cl, [c];
    23 0000000B 8A15[03000000]                  mov dl, [d];
    24 00000011 F6E2                            mul dl;
    25 00000013 6689C2                          mov dx, ax;
    26 00000016 A0[01000000]                    mov al, [b];
    27 0000001B F6E1                            mul cl;
    28 0000001D 6601D0                          add ax, dx;
    29                                          ; exit(0)
    30 00000020 6A00                            push    dword 0      ; push the parameter for exit onto the stack
    31 00000022 FF15[00000000]                  call    [exit]       ; call exit to terminate the program
